<?xml version="1.0" encoding="UTF-8"?>
<testng-results ignored="0" total="2" passed="2" failed="0" skipped="0">
  <reporter-output>
  </reporter-output>
  <suite started-at="2019-03-17T04:31:43Z" name="Suite" finished-at="2019-03-17T04:31:44Z" duration-ms="74">
    <groups>
    </groups>
    <test started-at="2019-03-17T04:31:43Z" name="Test" finished-at="2019-03-17T04:31:44Z" duration-ms="74">
      <class name="com.banctec.TestNGDemo.TestDemo">
        <test-method is-config="true" signature="beforeTest()[pri:0, instance:com.banctec.TestNGDemo.TestDemo@7817fd62]" started-at="2019-03-17T10:01:43Z" name="beforeTest" finished-at="2019-03-17T10:01:43Z" duration-ms="14" status="PASS">
          <reporter-output>
          </reporter-output>
        </test-method> <!-- beforeTest -->
        <test-method signature="browser(java.lang.String)[pri:0, instance:com.banctec.TestNGDemo.TestDemo@7817fd62]" started-at="2019-03-17T10:01:44Z" name="browser" finished-at="2019-03-17T10:01:44Z" duration-ms="7" status="PASS">
          <params>
            <param index="0">
              <value>
                <![CDATA[IE]]>
              </value>
            </param>
          </params>
          <reporter-output>
          </reporter-output>
        </test-method> <!-- browser -->
        <test-method signature="f()[pri:0, instance:com.banctec.TestNGDemo.TestDemo@7817fd62]" started-at="2019-03-17T10:01:44Z" name="f" finished-at="2019-03-17T10:01:44Z" duration-ms="5" status="PASS">
          <reporter-output>
          </reporter-output>
        </test-method> <!-- f -->
        <test-method is-config="true" signature="afterTest()[pri:0, instance:com.banctec.TestNGDemo.TestDemo@7817fd62]" started-at="2019-03-17T10:01:44Z" name="afterTest" finished-at="2019-03-17T10:01:44Z" duration-ms="4" status="PASS">
          <reporter-output>
          </reporter-output>
        </test-method> <!-- afterTest -->
      </class> <!-- com.banctec.TestNGDemo.TestDemo -->
    </test> <!-- Test -->
  </suite> <!-- Suite -->
</testng-results>
